\\zorak2\users$\s0963551\my documents\visual studio 2017\projects\brendangoldsmith_weatherstation\brendangoldsmith_weatherstation\x64\debug\brendangoldsmith_weatherstation.pch
\\zorak2\users$\s0963551\my documents\visual studio 2017\projects\brendangoldsmith_weatherstation\brendangoldsmith_weatherstation\x64\debug\vc141.pdb
\\zorak2\users$\s0963551\my documents\visual studio 2017\projects\brendangoldsmith_weatherstation\brendangoldsmith_weatherstation\x64\debug\vc141.idb
\\zorak2\users$\s0963551\my documents\visual studio 2017\projects\brendangoldsmith_weatherstation\brendangoldsmith_weatherstation\x64\debug\stdafx.obj
\\zorak2\users$\s0963551\my documents\visual studio 2017\projects\brendangoldsmith_weatherstation\brendangoldsmith_weatherstation\x64\debug\brendangoldsmith_weatherstation.obj
\\zorak2\users$\s0963551\desktop\brendangoldsmith_weatherstation\brendangoldsmith_weatherstation\x64\debug\brendangoldsmith_weatherstation.pch
\\zorak2\users$\s0963551\desktop\brendangoldsmith_weatherstation\brendangoldsmith_weatherstation\x64\debug\vc141.pdb
\\zorak2\users$\s0963551\desktop\brendangoldsmith_weatherstation\brendangoldsmith_weatherstation\x64\debug\vc141.idb
\\zorak2\users$\s0963551\desktop\brendangoldsmith_weatherstation\brendangoldsmith_weatherstation\x64\debug\stdafx.obj
\\zorak2\users$\s0963551\desktop\brendangoldsmith_weatherstation\brendangoldsmith_weatherstation\x64\debug\brendangoldsmith_weatherstation.obj
\\zorak2\users$\s0963551\my documents\visual studio 2017\projects\brendangoldsmith_weatherstation\x64\debug\brendangoldsmith_weatherstation.ilk
\\zorak2\users$\s0963551\my documents\visual studio 2017\projects\brendangoldsmith_weatherstation\x64\debug\brendangoldsmith_weatherstation.exe
\\zorak2\users$\s0963551\my documents\visual studio 2017\projects\brendangoldsmith_weatherstation\x64\debug\brendangoldsmith_weatherstation.pdb
\\zorak2\users$\s0963551\desktop\brendangoldsmith_weatherstation\brendangoldsmith_weatherstation\x64\debug\brendangoldsmith_weatherstation.obj.enc
\\zorak2\users$\s0963551\desktop\brendangoldsmith_weatherstation\brendangoldsmith_weatherstation\x64\debug\brendangoldsmith_weatherstation.ilk
\\zorak2\users$\s0963551\desktop\brendangoldsmith_weatherstation\brendangoldsmith_weatherstation\x64\debug\brendangoldsmith_weatherstation.pdb
\\zorak2\users$\s0963551\desktop\brendangoldsmith_weatherstation\x64\debug\brendangoldsmith_weatherstation.pdb
\\zorak2\users$\s0963551\desktop\brendangoldsmith_weatherstation\brendangoldsmith_weatherstation\x64\debug\brendang.b673796c.tlog\cl.command.1.tlog
\\zorak2\users$\s0963551\desktop\brendangoldsmith_weatherstation\brendangoldsmith_weatherstation\x64\debug\brendang.b673796c.tlog\cl.read.1.tlog
\\zorak2\users$\s0963551\desktop\brendangoldsmith_weatherstation\brendangoldsmith_weatherstation\x64\debug\brendang.b673796c.tlog\cl.write.1.tlog
\\zorak2\users$\s0963551\desktop\brendangoldsmith_weatherstation\brendangoldsmith_weatherstation\x64\debug\brendang.b673796c.tlog\link.command.1.tlog
\\zorak2\users$\s0963551\desktop\brendangoldsmith_weatherstation\brendangoldsmith_weatherstation\x64\debug\brendang.b673796c.tlog\link.read.1.tlog
\\zorak2\users$\s0963551\desktop\brendangoldsmith_weatherstation\brendangoldsmith_weatherstation\x64\debug\brendang.b673796c.tlog\link.write.1.tlog
